\BOOKMARK [1][-]{section.1}{\376\377\000R\000e\000a\000l\000\040\000n\000u\000m\000b\000e\000r\000s}{}% 1
\BOOKMARK [1][-]{section.2}{\376\377\000S\000e\000q\000u\000e\000n\000c\000e\000s}{}% 2
\BOOKMARK [2][-]{subsection.2.1}{\376\377\000C\000a\000u\000c\000h\000y\000\040\000s\000e\000q\000u\000e\000n\000c\000e\000s}{section.2}% 3
\BOOKMARK [2][-]{subsection.2.2}{\376\377\000U\000p\000p\000e\000r\000\040\000a\000n\000d\000\040\000l\000o\000w\000e\000r\000\040\000l\000i\000m\000i\000t\000s}{section.2}% 4
\BOOKMARK [2][-]{subsection.2.3}{\376\377\000C\000o\000n\000v\000e\000r\000g\000e\000n\000c\000e}{section.2}% 5
\BOOKMARK [2][-]{subsection.2.4}{\376\377\000R\000o\000o\000t\000\040\000a\000n\000d\000\040\000r\000a\000t\000i\000o\000\040\000t\000e\000s\000t}{section.2}% 6
\BOOKMARK [3][-]{subsubsection.2.4.1}{\376\377\000S\000u\000m\000m\000a\000t\000i\000o\000n\000\040\000b\000y\000\040\000p\000a\000r\000t\000s}{subsection.2.4}% 7
\BOOKMARK [3][-]{subsubsection.2.4.2}{\376\377\000A\000b\000s\000o\000l\000u\000t\000e\000\040\000c\000o\000n\000v\000e\000r\000g\000e\000n\000c\000e}{subsection.2.4}% 8
\BOOKMARK [3][-]{subsubsection.2.4.3}{\376\377\000R\000e\000a\000r\000r\000a\000n\000g\000e\000m\000e\000n\000t\000s}{subsection.2.4}% 9
\BOOKMARK [1][-]{section.3}{\376\377\000C\000o\000n\000t\000i\000n\000u\000i\000t\000y}{}% 10
\BOOKMARK [2][-]{subsection.3.1}{\376\377\000C\000o\000m\000p\000a\000c\000t\000n\000e\000s\000s}{section.3}% 11
\BOOKMARK [2][-]{subsection.3.2}{\376\377\000M\000o\000n\000o\000t\000o\000n\000i\000c\000\040\000f\000u\000n\000c\000t\000i\000o\000n\000s}{section.3}% 12
\BOOKMARK [1][-]{section.4}{\376\377\000D\000i\000f\000f\000e\000r\000e\000n\000t\000i\000a\000t\000i\000o\000n}{}% 13
\BOOKMARK [2][-]{subsection.4.1}{\376\377\000M\000e\000a\000n\000\040\000v\000a\000l\000u\000e\000\040\000t\000h\000e\000o\000r\000e\000m\000s}{section.4}% 14
\BOOKMARK [2][-]{subsection.4.2}{\376\377\000C\000o\000n\000t\000i\000n\000u\000i\000t\000y\000\040\000o\000f\000\040\000d\000e\000r\000i\000v\000a\000t\000i\000v\000e\000s}{section.4}% 15
\BOOKMARK [2][-]{subsection.4.3}{\376\377\000T\000a\000y\000l\000o\000r\000'\000s\000\040\000t\000h\000e\000o\000r\000e\000m}{section.4}% 16
\BOOKMARK [1][-]{section.5}{\376\377\000R\000i\000e\000m\000a\000n\000n\000-\000S\000t\000i\000e\000l\000t\000j\000e\000s\000\040\000I\000n\000t\000e\000g\000r\000a\000l}{}% 17
\BOOKMARK [2][-]{subsection.5.1}{\376\377\000R\000e\000f\000i\000n\000e\000m\000e\000n\000t}{section.5}% 18
\BOOKMARK [1][-]{section.6}{\376\377\000S\000e\000q\000u\000e\000n\000c\000e\000s\000\040\000a\000n\000d\000\040\000s\000e\000r\000i\000e\000s\000\040\000o\000f\000\040\000f\000u\000n\000c\000t\000i\000o\000n\000s}{}% 19
\BOOKMARK [2][-]{subsection.6.1}{\376\377\000U\000n\000i\000f\000o\000r\000m\000\040\000c\000o\000n\000v\000e\000r\000g\000e\000n\000c\000e}{section.6}% 20
\BOOKMARK [2][-]{subsection.6.2}{\376\377\000I\000n\000t\000e\000g\000r\000a\000t\000i\000o\000n}{section.6}% 21
\BOOKMARK [2][-]{subsection.6.3}{\376\377\000D\000i\000f\000f\000e\000r\000e\000n\000t\000i\000a\000t\000i\000o\000n}{section.6}% 22
\BOOKMARK [2][-]{subsection.6.4}{\376\377\000E\000q\000u\000i\000c\000o\000n\000t\000i\000n\000u\000i\000t\000y}{section.6}% 23
\BOOKMARK [3][-]{subsubsection.6.4.1}{\376\377\000M\000o\000t\000i\000v\000a\000t\000i\000n\000g\000\040\000e\000x\000a\000m\000p\000l\000e\000s}{subsection.6.4}% 24
\BOOKMARK [3][-]{subsubsection.6.4.2}{\376\377\000E\000q\000u\000i\000c\000o\000n\000t\000i\000n\000u\000i\000t\000y}{subsection.6.4}% 25
\BOOKMARK [2][-]{subsection.6.5}{\376\377\000S\000t\000o\000n\000e\000-\000W\000e\000i\000e\000r\000s\000t\000r\000a\000s\000s\000\040\000t\000h\000e\000o\000r\000e\000m}{section.6}% 26
\BOOKMARK [3][-]{subsubsection.6.5.1}{\376\377\000A\000l\000g\000e\000b\000r\000a\000s}{subsection.6.5}% 27
\BOOKMARK [1][-]{section.7}{\376\377\000S\000p\000e\000c\000i\000a\000l\000\040\000f\000u\000n\000c\000t\000i\000o\000n\000s}{}% 28
\BOOKMARK [2][-]{subsection.7.1}{\376\377\000P\000o\000w\000e\000r\000\040\000s\000e\000r\000i\000e\000s}{section.7}% 29
\BOOKMARK [1][-]{section.8}{\376\377\000M\000u\000l\000t\000i\000v\000a\000r\000i\000a\000t\000e\000\040\000f\000u\000n\000c\000t\000i\000o\000n\000s}{}% 30
\BOOKMARK [2][-]{subsection.8.1}{\376\377\000D\000i\000f\000f\000e\000r\000e\000n\000t\000i\000a\000t\000i\000o\000n}{section.8}% 31
\BOOKMARK [2][-]{subsection.8.2}{\376\377\000C\000o\000n\000t\000r\000a\000c\000t\000i\000o\000n}{section.8}% 32
\BOOKMARK [2][-]{subsection.8.3}{\376\377\000I\000n\000v\000e\000r\000s\000e\000\040\000f\000u\000n\000c\000t\000i\000o\000n\000\040\000t\000h\000e\000o\000r\000e\000m}{section.8}% 33
\BOOKMARK [2][-]{subsection.8.4}{\376\377\000I\000m\000p\000l\000i\000c\000i\000t\000\040\000f\000u\000n\000c\000t\000i\000o\000n\000\040\000t\000h\000e\000o\000r\000e\000m}{section.8}% 34
\BOOKMARK [2][-]{subsection.8.5}{\376\377\000R\000a\000n\000k\000\040\000t\000h\000e\000o\000r\000e\000m}{section.8}% 35
\BOOKMARK [2][-]{subsection.8.6}{\376\377\000D\000i\000f\000f\000e\000r\000e\000n\000t\000i\000a\000t\000i\000o\000n\000\040\000o\000f\000\040\000I\000n\000t\000e\000g\000r\000a\000l\000s}{section.8}% 36
\BOOKMARK [1][-]{section.9}{\376\377\000I\000n\000t\000e\000g\000r\000a\000t\000i\000o\000n\000\040\000o\000f\000\040\000d\000i\000f\000f\000e\000r\000e\000n\000t\000i\000a\000l\000\040\000f\000o\000r\000m\000s}{}% 37
\BOOKMARK [2][-]{subsection.9.1}{\376\377\000P\000r\000i\000m\000i\000t\000i\000v\000e\000\040\000m\000a\000p\000p\000i\000n\000g\000s}{section.9}% 38
\BOOKMARK [2][-]{subsection.9.2}{\376\377\000P\000a\000r\000t\000i\000t\000i\000o\000n\000s\000\040\000o\000f\000\040\000u\000n\000i\000t\000y}{section.9}% 39
\BOOKMARK [2][-]{subsection.9.3}{\376\377\000D\000i\000f\000f\000e\000r\000e\000n\000t\000i\000a\000l\000\040\000f\000o\000r\000m\000s}{section.9}% 40
\BOOKMARK [3][-]{subsubsection.9.3.1}{\376\377\000E\000x\000a\000m\000p\000l\000e\000s}{subsection.9.3}% 41
\BOOKMARK [3][-]{subsubsection.9.3.2}{\376\377\000S\000t\000a\000n\000d\000a\000r\000d\000\040\000p\000r\000e\000s\000e\000n\000t\000a\000t\000i\000o\000n}{subsection.9.3}% 42
\BOOKMARK [3][-]{subsubsection.9.3.3}{\376\377\000P\000r\000o\000d\000u\000c\000t\000\040\000o\000f\000\040\000f\000o\000r\000m\000s}{subsection.9.3}% 43
\BOOKMARK [3][-]{subsubsection.9.3.4}{\376\377\000C\000h\000a\000n\000g\000e\000\040\000o\000f\000\040\000v\000a\000r\000i\000a\000b\000l\000e\000s}{subsection.9.3}% 44
\BOOKMARK [3][-]{subsubsection.9.3.5}{\376\377\000S\000i\000m\000p\000l\000e\000x\000\040\000a\000n\000d\000\040\000c\000h\000a\000i\000n\000s}{subsection.9.3}% 45
